#
# A fatal error has been detected by the Java Runtime Environment:
#
#  EXCEPTION_ACCESS_VIOLATION (0xc0000005) at pc=0x0000000057b63b57, pid=3388, tid=0x00000000000012dc
#
# JRE version: Java(TM) SE Runtime Environment (8.0_121-b13) (build 1.8.0_121-b13)
# Java VM: Java HotSpot(TM) 64-Bit Server VM (25.121-b13 mixed mode windows-amd64 compressed oops)
# Problematic frame:
# V  [jvm.dll+0x213b57]
#
# Failed to write core dump. Minidumps are not enabled by default on client versions of Windows
#
# If you would like to submit a bug report, please visit:
#   http://bugreport.java.com/bugreport/crash.jsp
#

---------------  T H R E A D  ---------------

Current thread (0x000000005b572800):  JavaThread "HikariPool-1 connection adder" daemon [_thread_in_vm, id=4828, stack(0x000000005dd00000,0x000000005de00000)]

siginfo: ExceptionCode=0xc0000005, writing address 0x000000005ddf2fa0

Registers:
RAX=0x000000005ddf2fa0, RBX=0x0000000000000007, RCX=0x0000000000006000, RDX=0x0000000000000021
RSP=0x000000005ddf8fa0, RBP=0x0000000000000000, RSI=0x000000005ddf8fa0, RDI=0x0000000000000007
R8 =0x0000000000000021, R9 =0x0000000059556940, R10=0x0000000055d32c18, R11=0x000000005dd0a1a8
R12=0x0000000059556940, R13=0x000000005b572800, R14=0x000000005ddf9068, R15=0x0000000055d32c18
RIP=0x0000000057b63b57, EFLAGS=0x0000000000010206

Top of Stack: (sp=0x000000005ddf8fa0)
0x000000005ddf8fa0:   0000000000000000 0000000055e1ab10
0x000000005ddf8fb0:   000000005b572800 0000000059556940
0x000000005ddf8fc0:   00000000ffffffff 0000000057b64a87
0x000000005ddf8fd0:   000000005ddf90d0 0000000055d32c18
0x000000005ddf8fe0:   000000005b572800 000007fefce21945
0x000000005ddf8ff0:   0000000056286390 0000000055e1d2d8
0x000000005ddf9000:   000000005d3fdcd0 000000005aaed428
0x000000005ddf9010:   0000000055d32c18 000000005b572800
0x000000005ddf9020:   00000000029ec160 0000000057bea96b
0x000000005ddf9030:   000000005ddf3000 000000000000d000
0x000000005ddf9040:   0000000055e1d318 000000005d80a100
0x000000005ddf9050:   0000000055e1d2b8 0000000055d32c18
0x000000005ddf9060:   000000005b572800 0000000058757330
0x000000005ddf9070:   000000005aaed408 0000000055e3aba8
0x000000005ddf9080:   000000005ddf93b0 0000000057b6e877
0x000000005ddf9090:   0000000000000001 000000005ddf3000 

Instructions: (pc=0x0000000057b63b57)
0x0000000057b63b37:   48 89 6c 24 30 33 ed 66 90 e8 2b 3b 08 00 ff c3
0x0000000057b63b47:   48 63 c8 48 8b c6 48 0f af cf 48 ff c7 48 2b c1
0x0000000057b63b57:   89 28 48 63 c3 48 3b 05 75 1b 59 00 7e db 48 8b
0x0000000057b63b67:   6c 24 30 48 8b 5c 24 38 48 8b 74 24 40 48 83 c4 


Register to memory mapping:

RAX=0x000000005ddf2fa0 is pointing into the stack for thread: 0x000000005b572800
RBX=0x0000000000000007 is an unknown value
RCX=0x0000000000006000 is an unknown value
RDX=0x0000000000000021 is an unknown value
RSP=0x000000005ddf8fa0 is pointing into the stack for thread: 0x000000005b572800
RBP=0x0000000000000000 is an unknown value
RSI=0x000000005ddf8fa0 is pointing into the stack for thread: 0x000000005b572800
RDI=0x0000000000000007 is an unknown value
R8 =0x0000000000000021 is an unknown value
R9 =0x0000000059556940 is an unknown value
R10={method} {0x0000000055d32c20} 'transform' '(Ljava/lang/ClassLoader;Ljava/lang/String;Ljava/lang/Class;Ljava/security/ProtectionDomain;[BZ)[B' in 'sun/instrument/InstrumentationImpl'
R11=0x000000005dd0a1a8 is pointing into the stack for thread: 0x000000005b572800
R12=0x0000000059556940 is an unknown value
R13=0x000000005b572800 is a thread
R14=0x000000005ddf9068 is pointing into the stack for thread: 0x000000005b572800
R15={method} {0x0000000055d32c20} 'transform' '(Ljava/lang/ClassLoader;Ljava/lang/String;Ljava/lang/Class;Ljava/security/ProtectionDomain;[BZ)[B' in 'sun/instrument/InstrumentationImpl'


Stack: [0x000000005dd00000,0x000000005de00000],  sp=0x000000005ddf8fa0,  free space=995k
Native frames: (J=compiled Java code, j=interpreted, Vv=VM code, C=native code)

Java frames: (J=compiled Java code, j=interpreted, Vv=VM code)
J 837  java.lang.ClassLoader.defineClass1(Ljava/lang/String;[BIILjava/security/ProtectionDomain;Ljava/lang/String;)Ljava/lang/Class; (0 bytes) @ 0x0000000002bd51df [0x0000000002bd5140+0x9f]
J 766 C1 java.lang.ClassLoader.defineClass(Ljava/lang/String;[BIILjava/security/ProtectionDomain;)Ljava/lang/Class; (43 bytes) @ 0x0000000002bb629c [0x0000000002bb61a0+0xfc]
J 769 C1 java.net.URLClassLoader.defineClass(Ljava/lang/String;Lsun/misc/Resource;)Ljava/lang/Class; (142 bytes) @ 0x0000000002bb8b84 [0x0000000002bb8200+0x984]
J 693 C1 java.net.URLClassLoader$1.run()Ljava/lang/Class; (63 bytes) @ 0x0000000002b9b9b4 [0x0000000002b9b900+0xb4]
J 692 C1 java.net.URLClassLoader$1.run()Ljava/lang/Object; (5 bytes) @ 0x0000000002b9b5d4 [0x0000000002b9b5a0+0x34]
v  ~StubRoutines::call_stub
J 588  java.security.AccessController.doPrivileged(Ljava/security/PrivilegedExceptionAction;Ljava/security/AccessControlContext;)Ljava/lang/Object; (0 bytes) @ 0x0000000002b65766 [0x0000000002b65700+0x66]
J 633 C1 java.net.URLClassLoader.findClass(Ljava/lang/String;)Ljava/lang/Class; (47 bytes) @ 0x0000000002b79574 [0x0000000002b794c0+0xb4]
J 472 C1 java.lang.ClassLoader.loadClass(Ljava/lang/String;Z)Ljava/lang/Class; (122 bytes) @ 0x0000000002b3a894 [0x0000000002b3a5a0+0x2f4]
J 565 C1 sun.misc.Launcher$AppClassLoader.loadClass(Ljava/lang/String;Z)Ljava/lang/Class; (85 bytes) @ 0x0000000002b5cb34 [0x0000000002b5c860+0x2d4]
J 563 C1 java.lang.ClassLoader.loadClass(Ljava/lang/String;)Ljava/lang/Class; (7 bytes) @ 0x0000000002b5c0a4 [0x0000000002b5c060+0x44]
v  ~StubRoutines::call_stub
J 837  java.lang.ClassLoader.defineClass1(Ljava/lang/String;[BIILjava/security/ProtectionDomain;Ljava/lang/String;)Ljava/lang/Class; (0 bytes) @ 0x0000000002bd51df [0x0000000002bd5140+0x9f]
J 766 C1 java.lang.ClassLoader.defineClass(Ljava/lang/String;[BIILjava/security/ProtectionDomain;)Ljava/lang/Class; (43 bytes) @ 0x0000000002bb629c [0x0000000002bb61a0+0xfc]
J 769 C1 java.net.URLClassLoader.defineClass(Ljava/lang/String;Lsun/misc/Resource;)Ljava/lang/Class; (142 bytes) @ 0x0000000002bb8b84 [0x0000000002bb8200+0x984]
J 693 C1 java.net.URLClassLoader$1.run()Ljava/lang/Class; (63 bytes) @ 0x0000000002b9b9b4 [0x0000000002b9b900+0xb4]
J 692 C1 java.net.URLClassLoader$1.run()Ljava/lang/Object; (5 bytes) @ 0x0000000002b9b5d4 [0x0000000002b9b5a0+0x34]
v  ~StubRoutines::call_stub
J 588  java.security.AccessController.doPrivileged(Ljava/security/PrivilegedExceptionAction;Ljava/security/AccessControlContext;)Ljava/lang/Object; (0 bytes) @ 0x0000000002b65766 [0x0000000002b65700+0x66]
J 633 C1 java.net.URLClassLoader.findClass(Ljava/lang/String;)Ljava/lang/Class; (47 bytes) @ 0x0000000002b79574 [0x0000000002b794c0+0xb4]
J 472 C1 java.lang.ClassLoader.loadClass(Ljava/lang/String;Z)Ljava/lang/Class; (122 bytes) @ 0x0000000002b3a894 [0x0000000002b3a5a0+0x2f4]
J 565 C1 sun.misc.Launcher$AppClassLoader.loadClass(Ljava/lang/String;Z)Ljava/lang/Class; (85 bytes) @ 0x0000000002b5cb34 [0x0000000002b5c860+0x2d4]
J 563 C1 java.lang.ClassLoader.loadClass(Ljava/lang/String;)Ljava/lang/Class; (7 bytes) @ 0x0000000002b5c0a4 [0x0000000002b5c060+0x44]
v  ~StubRoutines::call_stub
J 925  java.lang.Class.forName0(Ljava/lang/String;ZLjava/lang/ClassLoader;Ljava/lang/Class;)Ljava/lang/Class; (0 bytes) @ 0x0000000002bf26c7 [0x0000000002bf2640+0x87]
J 1349 C1 java.lang.Class.forName(Ljava/lang/String;)Ljava/lang/Class; (15 bytes) @ 0x0000000002c820d4 [0x0000000002c82080+0x54]
j  com.mysql.jdbc.SQLError.<clinit>()V+8
v  ~StubRoutines::call_stub
j  com.mysql.jdbc.Util.handleNewInstance(Ljava/lang/reflect/Constructor;[Ljava/lang/Object;Lcom/mysql/jdbc/ExceptionInterceptor;)Ljava/lang/Object;+88
j  com.mysql.jdbc.ConnectionImpl.getInstance(Ljava/lang/String;ILjava/util/Properties;Ljava/lang/String;Ljava/lang/String;)Lcom/mysql/jdbc/Connection;+52
j  com.mysql.jdbc.NonRegisteringDriver.connect(Ljava/lang/String;Ljava/util/Properties;)Ljava/sql/Connection;+101
j  com.zaxxer.hikari.util.DriverDataSource.getConnection()Ljava/sql/Connection;+12
j  com.zaxxer.hikari.util.DriverDataSource.getConnection(Ljava/lang/String;Ljava/lang/String;)Ljava/sql/Connection;+1
j  com.zaxxer.hikari.pool.PoolBase.newConnection()Ljava/sql/Connection;+49
j  com.zaxxer.hikari.pool.PoolBase.newPoolEntry()Lcom/zaxxer/hikari/pool/PoolEntry;+5
j  com.zaxxer.hikari.pool.HikariPool.createPoolEntry()Lcom/zaxxer/hikari/pool/PoolEntry;+1
j  com.zaxxer.hikari.pool.HikariPool.access$100(Lcom/zaxxer/hikari/pool/HikariPool;)Lcom/zaxxer/hikari/pool/PoolEntry;+1
j  com.zaxxer.hikari.pool.HikariPool$PoolEntryCreator.call()Ljava/lang/Boolean;+25
j  com.zaxxer.hikari.pool.HikariPool$PoolEntryCreator.call()Ljava/lang/Object;+1
j  java.util.concurrent.FutureTask.run()V+42
j  java.util.concurrent.ThreadPoolExecutor.runWorker(Ljava/util/concurrent/ThreadPoolExecutor$Worker;)V+95
j  java.util.concurrent.ThreadPoolExecutor$Worker.run()V+5
j  java.lang.Thread.run()V+11
v  ~StubRoutines::call_stub

---------------  P R O C E S S  ---------------

Java Threads: ( => current thread )
=>0x000000005b572800 JavaThread "HikariPool-1 connection adder" daemon [_thread_in_vm, id=4828, stack(0x000000005dd00000,0x000000005de00000)]
  0x000000005b571800 JavaThread "HikariPool-1 housekeeper" daemon [_thread_blocked, id=6864, stack(0x000000005da30000,0x000000005db30000)]
  0x000000005b571000 JavaThread "Abandoned connection cleanup thread" daemon [_thread_blocked, id=5320, stack(0x000000005c4e0000,0x000000005c5e0000)]
  0x000000005b570000 JavaThread "container-0" [_thread_blocked, id=4720, stack(0x000000005d2f0000,0x000000005d3f0000)]
  0x000000005b56f800 JavaThread "ContainerBackgroundProcessor[StandardEngine[Tomcat]]" daemon [_thread_blocked, id=4276, stack(0x000000005d120000,0x000000005d220000)]
  0x000000005b56e800 JavaThread "RMI TCP Connection(5)-192.168.0.100" daemon [_thread_in_native, id=3244, stack(0x000000005d010000,0x000000005d110000)]
  0x000000005b56e000 JavaThread "localhost-startStop-1" daemon [_thread_blocked, id=4680, stack(0x000000005cea0000,0x000000005cfa0000)]
  0x000000005b56d000 JavaThread "Tomcat-startStop-1" daemon [_thread_blocked, id=5816, stack(0x000000005a5c0000,0x000000005a6c0000)]
  0x000000005b56b800 JavaThread "RMI TCP Connection(3)-192.168.0.100" daemon [_thread_in_native, id=176, stack(0x0000000059af0000,0x0000000059bf0000)]
  0x0000000059594800 JavaThread "RMI TCP Connection(6)-192.168.0.100" daemon [_thread_in_native, id=4948, stack(0x000000005a990000,0x000000005aa90000)]
  0x000000005959e000 JavaThread "RMI Scheduler(0)" daemon [_thread_blocked, id=6484, stack(0x000000005a840000,0x000000005a940000)]
  0x000000005957e000 JavaThread "RMI TCP Connection(1)-127.0.0.1" daemon [_thread_in_native, id=3880, stack(0x000000005a6d0000,0x000000005a7d0000)]
  0x000000005954c000 JavaThread "RMI TCP Accept-0" daemon [_thread_in_native, id=2792, stack(0x000000005a310000,0x000000005a410000)]
  0x0000000059548800 JavaThread "RMI TCP Accept-57132" daemon [_thread_in_native, id=6284, stack(0x0000000059fb0000,0x000000005a0b0000)]
  0x0000000059539800 JavaThread "RMI TCP Accept-0" daemon [_thread_in_native, id=5344, stack(0x000000005a1f0000,0x000000005a2f0000)]
  0x000000005873e800 JavaThread "Service Thread" daemon [_thread_blocked, id=2468, stack(0x00000000590c0000,0x00000000591c0000)]
  0x00000000586d2800 JavaThread "C1 CompilerThread2" daemon [_thread_blocked, id=6832, stack(0x0000000057840000,0x0000000057940000)]
  0x00000000586c5000 JavaThread "C2 CompilerThread1" daemon [_thread_blocked, id=4564, stack(0x0000000058f00000,0x0000000059000000)]
  0x00000000586c3000 JavaThread "C2 CompilerThread0" daemon [_thread_blocked, id=4724, stack(0x0000000058de0000,0x0000000058ee0000)]
  0x00000000586b9000 JavaThread "Monitor Ctrl-Break" daemon [_thread_in_native, id=4712, stack(0x0000000058bf0000,0x0000000058cf0000)]
  0x000000005655e800 JavaThread "Attach Listener" daemon [_thread_blocked, id=5260, stack(0x0000000058a20000,0x0000000058b20000)]
  0x000000005655d000 JavaThread "Signal Dispatcher" daemon [_thread_blocked, id=3500, stack(0x0000000058850000,0x0000000058950000)]
  0x000000005653e800 JavaThread "Finalizer" daemon [_thread_blocked, id=2556, stack(0x00000000582a0000,0x00000000583a0000)]
  0x00000000564f7800 JavaThread "Reference Handler" daemon [_thread_blocked, id=5928, stack(0x0000000057660000,0x0000000057760000)]
  0x00000000022ad000 JavaThread "main" [_thread_blocked, id=4736, stack(0x00000000023b0000,0x00000000024b0000)]

Other Threads:
  0x00000000564ef800 VMThread [stack: 0x0000000057510000,0x0000000057610000] [id=4360]
  0x000000005954f000 WatcherThread [stack: 0x000000005a470000,0x000000005a570000] [id=6288]

VM state:synchronizing (normal execution)

VM Mutex/Monitor currently owned by a thread:  ([mutex/lock_event])
[0x00000000022ab940] Threads_lock - owner thread: 0x00000000564ef800

Heap:
 PSYoungGen      total 98816K, used 17356K [0x00000000e0900000, 0x00000000e7880000, 0x0000000100000000)
  eden space 89600K, 19% used [0x00000000e0900000,0x00000000e19f3328,0x00000000e6080000)
  from space 9216K, 0% used [0x00000000e6680000,0x00000000e6680000,0x00000000e6f80000)
  to   space 7680K, 0% used [0x00000000e7100000,0x00000000e7100000,0x00000000e7880000)
 ParOldGen       total 66048K, used 21240K [0x00000000a1a00000, 0x00000000a5a80000, 0x00000000e0900000)
  object space 66048K, 32% used [0x00000000a1a00000,0x00000000a2ebe1d8,0x00000000a5a80000)
 Metaspace       used 36168K, capacity 37496K, committed 37760K, reserved 1081344K
  class space    used 4894K, capacity 5195K, committed 5248K, reserved 1048576K

Card table byte_map: [0x0000000011d40000,0x0000000012040000] byte_map_base: 0x0000000011833000

Marking Bits: (ParMarkBitMap*) 0x000000005816b6d0
 Begin Bits: [0x0000000012930000, 0x00000000140c8000)
 End Bits:   [0x00000000140c8000, 0x0000000015860000)

Polling page: 0x0000000000150000

CodeCache: size=245760Kb used=6864Kb max_used=6864Kb free=238895Kb
 bounds [0x0000000002980000, 0x0000000003040000, 0x0000000011980000]
 total_blobs=3777 nmethods=3297 adapters=392
 compilation: enabled

Compilation events (10 events):
Event: 8.400 Thread 0x00000000586d2800 3330       1       com.mysql.jdbc.Buffer::fastSkipLenString (20 bytes)
Event: 8.400 Thread 0x00000000586d2800 nmethod 3330 0x0000000003034090 code [0x00000000030341e0, 0x0000000003034328]
Event: 8.400 Thread 0x00000000586d2800 3331       1       com.mysql.jdbc.MysqlIO::adjustStartForFieldLength (47 bytes)
Event: 8.400 Thread 0x00000000586d2800 nmethod 3331 0x00000000030343d0 code [0x0000000003034520, 0x00000000030346b0]
Event: 8.400 Thread 0x00000000586d2800 3332       1       com.mysql.jdbc.Buffer::getByteBuffer (5 bytes)
Event: 8.400 Thread 0x00000000586d2800 nmethod 3332 0x0000000003034710 code [0x0000000003034860, 0x0000000003034970]
Event: 8.402 Thread 0x00000000586d2800 3333       1       java.io.FileDescriptor::access$000 (5 bytes)
Event: 8.402 Thread 0x00000000586d2800 nmethod 3333 0x00000000030349d0 code [0x0000000003034b20, 0x0000000003034c10]
Event: 8.403 Thread 0x00000000586d2800 3334       1       java.lang.Integer::toString (48 bytes)
Event: 8.404 Thread 0x00000000586d2800 nmethod 3334 0x0000000003034c90 code [0x0000000003034e00, 0x00000000030350e8]

GC Heap History (10 events):
Event: 4.494 GC heap before
{Heap before GC invocations=7 (full 1):
 PSYoungGen      total 53248K, used 49131K [0x00000000e0900000, 0x00000000e7900000, 0x0000000100000000)
  eden space 49152K, 99% used [0x00000000e0900000,0x00000000e38fad20,0x00000000e3900000)
  from space 4096K, 0% used [0x00000000e3900000,0x00000000e3900000,0x00000000e3d00000)
  to   space 8192K, 0% used [0x00000000e7100000,0x00000000e7100000,0x00000000e7900000)
 ParOldGen       total 39936K, used 7469K [0x00000000a1a00000, 0x00000000a4100000, 0x00000000e0900000)
  object space 39936K, 18% used [0x00000000a1a00000,0x00000000a214b468,0x00000000a4100000)
 Metaspace       used 22897K, capacity 23608K, committed 23808K, reserved 1069056K
  class space    used 3072K, capacity 3279K, committed 3328K, reserved 1048576K
Event: 4.510 GC heap after
Heap after GC invocations=7 (full 1):
 PSYoungGen      total 97280K, used 7627K [0x00000000e0900000, 0x00000000e7880000, 0x0000000100000000)
  eden space 89600K, 0% used [0x00000000e0900000,0x00000000e0900000,0x00000000e6080000)
  from space 7680K, 99% used [0x00000000e7100000,0x00000000e7872dd8,0x00000000e7880000)
  to   space 9216K, 0% used [0x00000000e6680000,0x00000000e6680000,0x00000000e6f80000)
 ParOldGen       total 39936K, used 7541K [0x00000000a1a00000, 0x00000000a4100000, 0x00000000e0900000)
  object space 39936K, 18% used [0x00000000a1a00000,0x00000000a215d478,0x00000000a4100000)
 Metaspace       used 22897K, capacity 23608K, committed 23808K, reserved 1069056K
  class space    used 3072K, capacity 3279K, committed 3328K, reserved 1048576K
}
Event: 5.568 GC heap before
{Heap before GC invocations=8 (full 1):
 PSYoungGen      total 97280K, used 97227K [0x00000000e0900000, 0x00000000e7880000, 0x0000000100000000)
  eden space 89600K, 100% used [0x00000000e0900000,0x00000000e6080000,0x00000000e6080000)
  from space 7680K, 99% used [0x00000000e7100000,0x00000000e7872dd8,0x00000000e7880000)
  to   space 9216K, 0% used [0x00000000e6680000,0x00000000e6680000,0x00000000e6f80000)
 ParOldGen       total 39936K, used 7541K [0x00000000a1a00000, 0x00000000a4100000, 0x00000000e0900000)
  object space 39936K, 18% used [0x00000000a1a00000,0x00000000a215d478,0x00000000a4100000)
 Metaspace       used 26009K, capacity 26974K, committed 27136K, reserved 1073152K
  class space    used 3535K, capacity 3764K, committed 3840K, reserved 1048576K
Event: 5.613 GC heap after
Heap after GC invocations=8 (full 1):
 PSYoungGen      total 98816K, used 9212K [0x00000000e0900000, 0x00000000e7880000, 0x0000000100000000)
  eden space 89600K, 0% used [0x00000000e0900000,0x00000000e0900000,0x00000000e6080000)
  from space 9216K, 99% used [0x00000000e6680000,0x00000000e6f7f2f8,0x00000000e6f80000)
  to   space 7680K, 0% used [0x00000000e7100000,0x00000000e7100000,0x00000000e7880000)
 ParOldGen       total 39936K, used 9631K [0x00000000a1a00000, 0x00000000a4100000, 0x00000000e0900000)
  object space 39936K, 24% used [0x00000000a1a00000,0x00000000a2367da0,0x00000000a4100000)
 Metaspace       used 26009K, capacity 26974K, committed 27136K, reserved 1073152K
  class space    used 3535K, capacity 3764K, committed 3840K, reserved 1048576K
}
Event: 6.768 GC heap before
{Heap before GC invocations=9 (full 1):
 PSYoungGen      total 98816K, used 98812K [0x00000000e0900000, 0x00000000e7880000, 0x0000000100000000)
  eden space 89600K, 100% used [0x00000000e0900000,0x00000000e6080000,0x00000000e6080000)
  from space 9216K, 99% used [0x00000000e6680000,0x00000000e6f7f2f8,0x00000000e6f80000)
  to   space 7680K, 0% used [0x00000000e7100000,0x00000000e7100000,0x00000000e7880000)
 ParOldGen       total 39936K, used 9631K [0x00000000a1a00000, 0x00000000a4100000, 0x00000000e0900000)
  object space 39936K, 24% used [0x00000000a1a00000,0x00000000a2367da0,0x00000000a4100000)
 Metaspace       used 29135K, capacity 30432K, committed 30592K, reserved 1075200K
  class space    used 3925K, capacity 4195K, committed 4224K, reserved 1048576K
Event: 6.798 GC heap after
Heap after GC invocations=9 (full 1):
 PSYoungGen      total 97280K, used 7669K [0x00000000e0900000, 0x00000000e7880000, 0x0000000100000000)
  eden space 89600K, 0% used [0x00000000e0900000,0x00000000e0900000,0x00000000e6080000)
  from space 7680K, 99% used [0x00000000e7100000,0x00000000e787d788,0x00000000e7880000)
  to   space 9216K, 0% used [0x00000000e6680000,0x00000000e6680000,0x00000000e6f80000)
 ParOldGen       total 39936K, used 15398K [0x00000000a1a00000, 0x00000000a4100000, 0x00000000e0900000)
  object space 39936K, 38% used [0x00000000a1a00000,0x00000000a2909860,0x00000000a4100000)
 Metaspace       used 29135K, capacity 30432K, committed 30592K, reserved 1075200K
  class space    used 3925K, capacity 4195K, committed 4224K, reserved 1048576K
}
Event: 7.885 GC heap before
{Heap before GC invocations=10 (full 1):
 PSYoungGen      total 97280K, used 75807K [0x00000000e0900000, 0x00000000e7880000, 0x0000000100000000)
  eden space 89600K, 76% used [0x00000000e0900000,0x00000000e4b8a670,0x00000000e6080000)
  from space 7680K, 99% used [0x00000000e7100000,0x00000000e787d788,0x00000000e7880000)
  to   space 9216K, 0% used [0x00000000e6680000,0x00000000e6680000,0x00000000e6f80000)
 ParOldGen       total 39936K, used 15398K [0x00000000a1a00000, 0x00000000a4100000, 0x00000000e0900000)
  object space 39936K, 38% used [0x00000000a1a00000,0x00000000a2909860,0x00000000a4100000)
 Metaspace       used 33984K, capacity 35310K, committed 35456K, reserved 1079296K
  class space    used 4677K, capacity 4936K, committed 4992K, reserved 1048576K
Event: 7.908 GC heap after
Heap after GC invocations=10 (full 1):
 PSYoungGen      total 98816K, used 9192K [0x00000000e0900000, 0x00000000e7880000, 0x0000000100000000)
  eden space 89600K, 0% used [0x00000000e0900000,0x00000000e0900000,0x00000000e6080000)
  from space 9216K, 99% used [0x00000000e6680000,0x00000000e6f7a2e8,0x00000000e6f80000)
  to   space 7680K, 0% used [0x00000000e7100000,0x00000000e7100000,0x00000000e7880000)
 ParOldGen       total 39936K, used 19749K [0x00000000a1a00000, 0x00000000a4100000, 0x00000000e0900000)
  object space 39936K, 49% used [0x00000000a1a00000,0x00000000a2d49658,0x00000000a4100000)
 Metaspace       used 33984K, capacity 35310K, committed 35456K, reserved 1079296K
  class space    used 4677K, capacity 4936K, committed 4992K, reserved 1048576K
}
Event: 7.908 GC heap before
{Heap before GC invocations=11 (full 2):
 PSYoungGen      total 98816K, used 9192K [0x00000000e0900000, 0x00000000e7880000, 0x0000000100000000)
  eden space 89600K, 0% used [0x00000000e0900000,0x00000000e0900000,0x00000000e6080000)
  from space 9216K, 99% used [0x00000000e6680000,0x00000000e6f7a2e8,0x00000000e6f80000)
  to   space 7680K, 0% used [0x00000000e7100000,0x00000000e7100000,0x00000000e7880000)
 ParOldGen       total 39936K, used 19749K [0x00000000a1a00000, 0x00000000a4100000, 0x00000000e0900000)
  object space 39936K, 49% used [0x00000000a1a00000,0x00000000a2d49658,0x00000000a4100000)
 Metaspace       used 33984K, capacity 35310K, committed 35456K, reserved 1079296K
  class space    used 4677K, capacity 4936K, committed 4992K, reserved 1048576K
Event: 8.066 GC heap after
Heap after GC invocations=11 (full 2):
 PSYoungGen      total 98816K, used 0K [0x00000000e0900000, 0x00000000e7880000, 0x0000000100000000)
  eden space 89600K, 0% used [0x00000000e0900000,0x00000000e0900000,0x00000000e6080000)
  from space 9216K, 0% used [0x00000000e6680000,0x00000000e6680000,0x00000000e6f80000)
  to   space 7680K, 0% used [0x00000000e7100000,0x00000000e7100000,0x00000000e7880000)
 ParOldGen       total 66048K, used 21240K [0x00000000a1a00000, 0x00000000a5a80000, 0x00000000e0900000)
  object space 66048K, 32% used [0x00000000a1a00000,0x00000000a2ebe1d8,0x00000000a5a80000)
 Metaspace       used 33984K, capacity 35310K, committed 35456K, reserved 1079296K
  class space    used 4677K, capacity 4936K, committed 4992K, reserved 1048576K
}

Deoptimization events (0 events):
No events

Internal exceptions (10 events):
Event: 7.250 Thread 0x00000000022ad000 Exception <a 'java/lang/ArrayIndexOutOfBoundsException'> (0x00000000e2dee3c8) thrown at [C:\re\workspace\8-2-build-windows-amd64-cygwin\jdk8u121\8372\hotspot\src\share\vm\runtime\sharedRuntime.cpp, line 605]
Event: 7.250 Thread 0x00000000022ad000 Exception <a 'java/lang/ClassNotFoundException': org/springframework/dao/support/PersistenceExceptionTranslatorCustomizer> (0x00000000e2e0e8c8) thrown at [C:\re\workspace\8-2-build-windows-amd64-cygwin\jdk8u121\8372\hotspot\src\share\vm\classfile\systemDi
Event: 7.517 Thread 0x0000000059594800 Exception <a 'java/lang/reflect/InvocationTargetException'> (0x00000000e4080910) thrown at [C:\re\workspace\8-2-build-windows-amd64-cygwin\jdk8u121\8372\hotspot\src\share\vm\runtime\reflection.cpp, line 1092]
Event: 8.076 Thread 0x0000000059594800 Exception <a 'java/lang/reflect/InvocationTargetException'> (0x00000000e0bfd7c8) thrown at [C:\re\workspace\8-2-build-windows-amd64-cygwin\jdk8u121\8372\hotspot\src\share\vm\runtime\reflection.cpp, line 1092]
Event: 8.407 Thread 0x000000005b572800 StackOverflowError at 0x0000000002aaa3a0
Event: 8.407 Thread 0x000000005b572800 Exception <a 'java/lang/StackOverflowError'> (0x00000000e185e1d8) thrown at [C:\re\workspace\8-2-build-windows-amd64-cygwin\jdk8u121\8372\hotspot\src\share\vm\runtime\sharedRuntime.cpp, line 605]
Event: 8.407 Thread 0x000000005b572800 Exception <a 'java/lang/StackOverflowError'> (0x00000000e185e1d8) thrown at [C:\re\workspace\8-2-build-windows-amd64-cygwin\jdk8u121\8372\hotspot\src\share\vm\prims\jvm.cpp, line 1394]
Event: 8.407 Thread 0x000000005b572800 Exception <a 'java/lang/reflect/InvocationTargetException'> (0x00000000e185e5c8) thrown at [C:\re\workspace\8-2-build-windows-amd64-cygwin\jdk8u121\8372\hotspot\src\share\vm\runtime\reflection.cpp, line 1092]
Event: 8.425 Thread 0x00000000022ad000 Exception <a 'java/lang/OutOfMemoryError'> (0x00000000e1945108) thrown at [C:\re\workspace\8-2-build-windows-amd64-cygwin\jdk8u121\8372\hotspot\src\share\vm\prims\jni.cpp, line 735]
Event: 8.425 Thread 0x00000000022ad000 Exception <a 'java/lang/OutOfMemoryError'> (0x00000000e1945108) thrown at [C:\re\workspace\8-2-build-windows-amd64-cygwin\jdk8u121\8372\hotspot\src\share\vm\prims\jvm.cpp, line 1394]

Events (10 events):
Event: 8.410 loading class javax/persistence/EntityListeners done
Event: 8.410 loading class org/hibernate/internal/util/compare/EqualsHelper
Event: 8.410 loading class org/hibernate/internal/util/compare/EqualsHelper done
Event: 8.410 loading class com/mysql/jdbc/exceptions/jdbc4/CommunicationsException
Event: 8.410 loading class com/mysql/jdbc/exceptions/jdbc4/CommunicationsException done
Event: 8.410 loading class org/hibernate/cfg/AnnotationBinder
Event: 8.410 loading class org/hibernate/cfg/AnnotationBinder done
Event: 8.410 loading class com/mysql/jdbc/StreamingNotifiable
Event: 8.410 loading class com/mysql/jdbc/StreamingNotifiable done
Event: 8.426 Executing VM operation: RevokeBias


Dynamic libraries:
0x000000013fb90000 - 0x000000013fbc7000 	C:\Program Files\Java\jdk1.8.0_121\bin\java.exe
0x0000000077050000 - 0x00000000771ef000 	C:\Windows\SYSTEM32\ntdll.dll
0x000007fefbd70000 - 0x000007fefbda4000 	C:\Program Files\AVAST Software\Avast\x64\aswhooka.dll
0x0000000076e30000 - 0x0000000076f4f000 	C:\Windows\system32\kernel32.dll
0x000007fefce20000 - 0x000007fefce8a000 	C:\Windows\system32\KERNELBASE.dll
0x000007fefeeb0000 - 0x000007fefef8b000 	C:\Windows\system32\ADVAPI32.dll
0x000007fefe940000 - 0x000007fefe9df000 	C:\Windows\system32\msvcrt.dll
0x000007fefecd0000 - 0x000007fefecef000 	C:\Windows\SYSTEM32\sechost.dll
0x000007fefda80000 - 0x000007fefdbad000 	C:\Windows\system32\RPCRT4.dll
0x0000000076f50000 - 0x000000007704a000 	C:\Windows\system32\USER32.dll
0x000007fefd270000 - 0x000007fefd2d7000 	C:\Windows\system32\GDI32.dll
0x000007fefeea0000 - 0x000007fefeeae000 	C:\Windows\system32\LPK.dll
0x000007feff270000 - 0x000007feff33b000 	C:\Windows\system32\USP10.dll
0x000007fefb560000 - 0x000007fefb754000 	C:\Windows\WinSxS\amd64_microsoft.windows.common-controls_6595b64144ccf1df_6.0.7601.18837_none_fa3b1e3d17594757\COMCTL32.dll
0x000007feff070000 - 0x000007feff0e1000 	C:\Windows\system32\SHLWAPI.dll
0x000007fefda50000 - 0x000007fefda7e000 	C:\Windows\system32\IMM32.DLL
0x000007fefed90000 - 0x000007fefee99000 	C:\Windows\system32\MSCTF.dll
0x0000000063ee0000 - 0x0000000063fb2000 	C:\Program Files\Java\jdk1.8.0_121\jre\bin\msvcr100.dll
0x0000000057950000 - 0x00000000581eb000 	C:\Program Files\Java\jdk1.8.0_121\jre\bin\server\jvm.dll
0x000007fef4710000 - 0x000007fef4719000 	C:\Windows\system32\WSOCK32.dll
0x000007fefd7f0000 - 0x000007fefd83d000 	C:\Windows\system32\WS2_32.dll
0x000007fefda40000 - 0x000007fefda48000 	C:\Windows\system32\NSI.dll
0x000007fefa9d0000 - 0x000007fefaa0b000 	C:\Windows\system32\WINMM.dll
0x000007fefbe00000 - 0x000007fefbe0c000 	C:\Windows\system32\VERSION.dll
0x00000000771f0000 - 0x00000000771f7000 	C:\Windows\system32\PSAPI.DLL
0x000000006fe40000 - 0x000000006fe4f000 	C:\Program Files\Java\jdk1.8.0_121\jre\bin\verify.dll
0x0000000067980000 - 0x00000000679a9000 	C:\Program Files\Java\jdk1.8.0_121\jre\bin\java.dll
0x0000000067950000 - 0x0000000067973000 	C:\Program Files\Java\jdk1.8.0_121\jre\bin\instrument.dll
0x0000000068480000 - 0x0000000068496000 	C:\Program Files\Java\jdk1.8.0_121\jre\bin\zip.dll
0x000007fefdbb0000 - 0x000007fefe93b000 	C:\Windows\system32\SHELL32.dll
0x000007fefd840000 - 0x000007fefda3d000 	C:\Windows\system32\ole32.dll
0x000007fefcd20000 - 0x000007fefcd2f000 	C:\Windows\system32\profapi.dll
0x000007fef9e70000 - 0x000007fef9e8a000 	C:\Program Files\JetBrains\IntelliJ IDEA 2017.1.2\bin\breakgen64.dll
0x0000000068460000 - 0x000000006847a000 	C:\Program Files\Java\jdk1.8.0_121\jre\bin\net.dll
0x000007fefc4f0000 - 0x000007fefc545000 	C:\Windows\system32\mswsock.dll
0x000007fefc4e0000 - 0x000007fefc4e7000 	C:\Windows\System32\wship6.dll
0x000000006ac10000 - 0x000000006ac1d000 	C:\Program Files\Java\jdk1.8.0_121\jre\bin\management.dll
0x0000000068100000 - 0x0000000068111000 	C:\Program Files\Java\jdk1.8.0_121\jre\bin\nio.dll
0x000007fefa8c0000 - 0x000007fefa8d5000 	C:\Windows\system32\NLAapi.dll
0x000007fef4bb0000 - 0x000007fef4bc5000 	C:\Windows\system32\napinsp.dll
0x000007fef4b90000 - 0x000007fef4ba9000 	C:\Windows\system32\pnrpnsp.dll
0x000007fefc370000 - 0x000007fefc3cb000 	C:\Windows\system32\DNSAPI.dll
0x000007fef6af0000 - 0x000007fef6afb000 	C:\Windows\System32\winrnr.dll
0x000007fef4b80000 - 0x000007fef4b90000 	C:\Windows\system32\wshbth.dll
0x000007fefbed0000 - 0x000007fefbed7000 	C:\Windows\System32\wshtcpip.dll
0x000007fefa680000 - 0x000007fefa6a7000 	C:\Windows\system32\IPHLPAPI.DLL
0x000007fefa620000 - 0x000007fefa62b000 	C:\Windows\system32\WINNSI.DLL
0x000007fef83d0000 - 0x000007fef83d8000 	C:\Windows\system32\rasadhlp.dll
0x000007fefa460000 - 0x000007fefa4b3000 	C:\Windows\System32\fwpuclnt.dll
0x000007fefc550000 - 0x000007fefc568000 	C:\Windows\system32\CRYPTSP.dll
0x000007fefc210000 - 0x000007fefc257000 	C:\Windows\system32\rsaenh.dll
0x000007fefcd50000 - 0x000007fefcd6e000 	C:\Windows\system32\USERENV.dll
0x000007fefcbc0000 - 0x000007fefcbcf000 	C:\Windows\system32\CRYPTBASE.dll
0x000007fefa3f0000 - 0x000007fefa408000 	C:\Windows\system32\dhcpcsvc.DLL
0x000007fefa3d0000 - 0x000007fefa3e1000 	C:\Windows\system32\dhcpcsvc6.DLL

VM Arguments:
jvm_args: -XX:TieredStopAtLevel=1 -Xverify:none -Dspring.output.ansi.enabled=always -Dcom.sun.management.jmxremote -Dcom.sun.management.jmxremote.port=57132 -Dcom.sun.management.jmxremote.authenticate=false -Dcom.sun.management.jmxremote.ssl=false -Dspring.liveBeansView.mbeanDomain -Dspring.application.admin.enabled=true -javaagent:C:\Program Files\JetBrains\IntelliJ IDEA 2017.1.2\lib\idea_rt.jar=57133:C:\Program Files\JetBrains\IntelliJ IDEA 2017.1.2\bin -Dfile.encoding=UTF-8 
java_command: com.coderbd.jobschedulerex.JobschedulerexApplication
java_class_path (initial): C:\Program Files\Java\jdk1.8.0_121\jre\lib\charsets.jar;C:\Program Files\Java\jdk1.8.0_121\jre\lib\deploy.jar;C:\Program Files\Java\jdk1.8.0_121\jre\lib\ext\access-bridge-64.jar;C:\Program Files\Java\jdk1.8.0_121\jre\lib\ext\cldrdata.jar;C:\Program Files\Java\jdk1.8.0_121\jre\lib\ext\dnsns.jar;C:\Program Files\Java\jdk1.8.0_121\jre\lib\ext\jaccess.jar;C:\Program Files\Java\jdk1.8.0_121\jre\lib\ext\jfxrt.jar;C:\Program Files\Java\jdk1.8.0_121\jre\lib\ext\localedata.jar;C:\Program Files\Java\jdk1.8.0_121\jre\lib\ext\nashorn.jar;C:\Program Files\Java\jdk1.8.0_121\jre\lib\ext\sunec.jar;C:\Program Files\Java\jdk1.8.0_121\jre\lib\ext\sunjce_provider.jar;C:\Program Files\Java\jdk1.8.0_121\jre\lib\ext\sunmscapi.jar;C:\Program Files\Java\jdk1.8.0_121\jre\lib\ext\sunpkcs11.jar;C:\Program Files\Java\jdk1.8.0_121\jre\lib\ext\zipfs.jar;C:\Program Files\Java\jdk1.8.0_121\jre\lib\javaws.jar;C:\Program Files\Java\jdk1.8.0_121\jre\lib\jce.jar;C:\Program Files\Java\jdk1.8.0_121\jre\lib\jfr.jar;C:\Program Files\Java\jdk1.8.0_121\jre\lib\jfxswt.jar;C:\Program Files\Java\jdk1.8.0_121\jre\lib\jsse.jar;C:\Program Files\Java\jdk1.8.0_121\jre\lib\management-agent.jar;C:\Program Files\Java\jdk1.8.0_121\jre\lib\plugin.jar;C:\Program Files\Java\jdk1.8.0_121\jre\lib\resources.jar;C:\Program Files\Java\jdk1.8.0_121\jre\lib\rt.jar;E:\git\spring-boot\jobschedulerex\target\classes;C:\Users\Rajail Islam\.m2\repository\org\springframework\boot\spring-boot-starter-data-jpa\2.0.3.RELEASE\spring-boot-starter-data-jpa-2.0.3.RELEASE.jar;C:\Users\Rajail Islam\.m2\repository\org\springframework\boot\spring-boot-starter\2.0.3.RELEASE\spring-boot-starter-2.0.3.RELEASE.jar;C:\Users\Rajail Islam\.m2\repository\org\springframework\boot\spring-boot\2.0.3.RELEASE\spring-boot-2.0.3.RELEASE.jar;C:\Users\Rajail Islam\.m2\repository\org\springframework\boot\spring-boot-autoconfigure\2.0.3.RELEASE\spring-boot-autoconfigure-2.0.3.RELEASE.jar;C:\Users\Rajail Islam\.m2\repository\org\springfra
Launcher Type: SUN_STANDARD

Environment Variables:
JAVA_HOME=C:\Program Files\Java\jdk1.8.0_121
PATH=C:\ProgramData\Oracle\Java\javapath;C:\Program Files (x86)\Intel\iCLS Client\;C:\Program Files\Intel\iCLS Client\;C:\Windows\system32;C:\Windows;C:\Windows\System32\Wbem;C:\Windows\System32\WindowsPowerShell\v1.0\;C:\Program Files\Intel\Intel(R) Management Engine Components\DAL;C:\Program Files\Intel\Intel(R) Management Engine Components\IPT;C:\Program Files (x86)\Intel\Intel(R) Management Engine Components\DAL;C:\Program Files (x86)\Intel\Intel(R) Management Engine Components\IPT;C:\Program Files (x86)\Skype\Phone\;D:\c-drive\maven\bin;D:\c-drive\gradle\bin;D:\c-drive\android\bin;D:\c-drive\andrioid-sdk\platform-tools;C:\Program Files\Cloud Foundry;D:\c-drive\ant\bin;C:\Program Files (x86)\GtkSharp\2.12\bin;C:\Program Files\MongoDB\Server\3.6\bin;C:\Program Files\Java\jdk1.8.0_121;D:\c-drive\gradle\bin;D:\c-drive\nodejs;C:\Users\Rajail Islam\AppData\Local\Programs\Python\Python36-32\Scripts\;C:\Users\Rajail Islam\AppData\Local\Programs\Python\Python36-32\;;E:\softare-install\Microsoft VS Code\bin;C:\Users\Rajail Islam\AppData\Roaming\npm
USERNAME=Rajail Islam
OS=Windows_NT
PROCESSOR_IDENTIFIER=Intel64 Family 6 Model 69 Stepping 1, GenuineIntel



---------------  S Y S T E M  ---------------

OS: Windows 7 , 64 bit Build 7601 (6.1.7601.24094)

CPU:total 4 (2 cores per cpu, 2 threads per core) family 6 model 69 stepping 1, cmov, cx8, fxsr, mmx, sse, sse2, sse3, ssse3, sse4.1, sse4.2, popcnt, avx, avx2, aes, clmul, erms, lzcnt, ht, tsc, tscinvbit, bmi1, bmi2

Memory: 4k page, physical 6177132k(871364k free), swap 6175256k(4080k free)

vm_info: Java HotSpot(TM) 64-Bit Server VM (25.121-b13) for windows-amd64 JRE (1.8.0_121-b13), built on Dec 12 2016 18:21:36 by "java_re" with MS VC++ 10.0 (VS2010)

time: Sat Jul 21 15:41:37 2018
elapsed time: 8 seconds (0d 0h 0m 8s)

